<?xml version="1.0" encoding="utf-8"?><testsuites name="pytest tests"><testsuite name="pytest" errors="0" failures="0" skipped="0" tests="42" time="21.607" timestamp="2026-06-23T04:16:52.656487+00:00" hostname="agent-env-9f51c3d2-dcea-454c-9de6-389719470801"><testcase classname="backend.tests.test_merchcraft.TestHealth" name="test_root" time="0.155" /><testcase classname="backend.tests.test_merchcraft.TestHealth" name="test_categories" time="0.043" /><testcase classname="backend.tests.test_merchcraft.TestHealth" name="test_products_count" time="0.043" /><testcase classname="backend.tests.test_merchcraft.TestHealth" name="test_products_no_objectid" time="0.000" /><testcase classname="backend.tests.test_merchcraft.TestHealth" name="test_products_filter_category" time="0.041" /><testcase classname="backend.tests.test_merchcraft.TestHealth" name="test_products_search" time="0.051" /><testcase classname="backend.tests.test_merchcraft.TestHealth" name="test_products_sort_price_asc" time="0.042" /><testcase classname="backend.tests.test_merchcraft.TestHealth" name="test_product_detail" time="0.042" /><testcase classname="backend.tests.test_merchcraft.TestHealth" name="test_product_detail_404" time="0.043" /><testcase classname="backend.tests.test_merchcraft.TestAuth" name="test_login_admin" time="0.267" /><testcase classname="backend.tests.test_merchcraft.TestAuth" name="test_login_invalid" time="0.265" /><testcase classname="backend.tests.test_merchcraft.TestAuth" name="test_register_and_me" time="0.307" /><testcase classname="backend.tests.test_merchcraft.TestAuth" name="test_register_duplicate" time="0.042" /><testcase classname="backend.tests.test_merchcraft.TestAuth" name="test_me_no_auth" time="0.040" /><testcase classname="backend.tests.test_merchcraft.TestCartCheckout" name="test_cart_add_get_remove" time="0.523" /><testcase classname="backend.tests.test_merchcraft.TestCartCheckout" name="test_checkout_cod" time="0.213" /><testcase classname="backend.tests.test_merchcraft.TestCartCheckout" name="test_checkout_razorpay_mock" time="0.133" /><testcase classname="backend.tests.test_merchcraft.TestCartCheckout" name="test_checkout_empty_cart" time="0.089" /><testcase classname="backend.tests.test_merchcraft.TestReviews" name="test_list_reviews" time="0.043" /><testcase classname="backend.tests.test_merchcraft.TestRFQ" name="test_submit_rfq" time="0.046" /><testcase classname="backend.tests.test_merchcraft.TestRFQ" name="test_list_rfqs_admin_only" time="0.308" /><testcase classname="backend.tests.test_merchcraft.TestRFQ" name="test_list_rfqs_unauth" time="0.041" /><testcase classname="backend.tests.test_merchcraft.TestAdmin" name="test_get_settings_public" time="0.082" /><testcase classname="backend.tests.test_merchcraft.TestAdmin" name="test_update_settings_admin" time="0.043" /><testcase classname="backend.tests.test_merchcraft.TestAdmin" name="test_update_settings_forbidden" time="0.041" /><testcase classname="backend.tests.test_merchcraft.TestAdmin" name="test_admin_overview" time="0.050" /><testcase classname="backend.tests.test_merchcraft.TestAdmin" name="test_admin_orders_list" time="0.044" /><testcase classname="backend.tests.test_merchcraft.TestAdmin" name="test_admin_update_order_status" time="0.250" /><testcase classname="backend.tests.test_merchcraft.TestAI" name="test_enhance_prompt" time="4.524" /><testcase classname="backend.tests.test_merchcraft.TestAI" name="test_generate_image" time="11.259" /><testcase classname="backend.tests.test_new_admin_features.TestCartQtyUpdate" name="test_update_qty" time="0.581" /><testcase classname="backend.tests.test_new_admin_features.TestCartQtyUpdate" name="test_qty_zero_rejected" time="0.133" /><testcase classname="backend.tests.test_new_admin_features.TestCartQtyUpdate" name="test_unauth" time="0.085" /><testcase classname="backend.tests.test_new_admin_features.TestCategoryCRUD" name="test_full_lifecycle" time="0.567" /><testcase classname="backend.tests.test_new_admin_features.TestCategoryCRUD" name="test_admin_only" time="0.165" /><testcase classname="backend.tests.test_new_admin_features.TestCategoryCRUD" name="test_toggle_404" time="0.044" /><testcase classname="backend.tests.test_new_admin_features.TestAdminUsers" name="test_list_users" time="0.046" /><testcase classname="backend.tests.test_new_admin_features.TestAdminUsers" name="test_users_forbidden_for_customer" time="0.044" /><testcase classname="backend.tests.test_new_admin_features.TestAdminUsers" name="test_update_role_and_delete" time="0.446" /><testcase classname="backend.tests.test_new_admin_features.TestAdminUsers" name="test_cannot_delete_self" time="0.089" /><testcase classname="backend.tests.test_new_admin_features.TestAdminOrderDetail" name="test_get_order_detail" time="0.184" /><testcase classname="backend.tests.test_new_admin_features.TestAdminOrderDetail" name="test_admin_order_detail_404" time="0.042" /></testsuite></testsuites>