<?xml version="1.0" encoding="utf-8"?><testsuites name="pytest tests"><testsuite name="pytest" errors="0" failures="0" skipped="0" tests="12" time="2.650" timestamp="2026-06-23T04:16:45.504325+00:00" hostname="agent-env-9f51c3d2-dcea-454c-9de6-389719470801"><testcase classname="backend.tests.test_new_admin_features.TestCartQtyUpdate" name="test_update_qty" time="0.757" /><testcase classname="backend.tests.test_new_admin_features.TestCartQtyUpdate" name="test_qty_zero_rejected" time="0.136" /><testcase classname="backend.tests.test_new_admin_features.TestCartQtyUpdate" name="test_unauth" time="0.044" /><testcase classname="backend.tests.test_new_admin_features.TestCategoryCRUD" name="test_full_lifecycle" time="0.544" /><testcase classname="backend.tests.test_new_admin_features.TestCategoryCRUD" name="test_admin_only" time="0.093" /><testcase classname="backend.tests.test_new_admin_features.TestCategoryCRUD" name="test_toggle_404" time="0.047" /><testcase classname="backend.tests.test_new_admin_features.TestAdminUsers" name="test_list_users" time="0.047" /><testcase classname="backend.tests.test_new_admin_features.TestAdminUsers" name="test_users_forbidden_for_customer" time="0.046" /><testcase classname="backend.tests.test_new_admin_features.TestAdminUsers" name="test_update_role_and_delete" time="0.401" /><testcase classname="backend.tests.test_new_admin_features.TestAdminUsers" name="test_cannot_delete_self" time="0.090" /><testcase classname="backend.tests.test_new_admin_features.TestAdminOrderDetail" name="test_get_order_detail" time="0.181" /><testcase classname="backend.tests.test_new_admin_features.TestAdminOrderDetail" name="test_admin_order_detail_404" time="0.043" /></testsuite></testsuites>