<?xml version="1.0" encoding="utf-8"?><testsuites name="pytest tests"><testsuite name="pytest" errors="0" failures="0" skipped="0" tests="23" time="4.983" timestamp="2026-06-23T04:56:04.247869+00:00" hostname="agent-env-9f51c3d2-dcea-454c-9de6-389719470801"><testcase classname="backend.tests.test_iter4_features.TestRoles" name="test_super_admin_can_list_admins" time="0.523" /><testcase classname="backend.tests.test_iter4_features.TestRoles" name="test_regular_admin_forbidden_on_admins" time="0.370" /><testcase classname="backend.tests.test_iter4_features.TestRoles" name="test_customer_forbidden_on_admins" time="0.388" /><testcase classname="backend.tests.test_iter4_features.TestRoles" name="test_admin_users_returns_only_customers" time="0.046" /><testcase classname="backend.tests.test_iter4_features.TestAdminCRUD" name="test_create_update_delete_admin" time="0.562" /><testcase classname="backend.tests.test_iter4_features.TestAdminCRUD" name="test_cannot_delete_superadmin" time="0.125" /><testcase classname="backend.tests.test_iter4_features.TestAdminCRUD" name="test_create_admin_forbidden_for_admin" time="0.042" /><testcase classname="backend.tests.test_iter4_features.TestAdminCRUD" name="test_create_duplicate_email" time="0.083" /><testcase classname="backend.tests.test_iter4_features.TestTrendingBestsellers" name="test_trending_returns_max_6" time="0.047" /><testcase classname="backend.tests.test_iter4_features.TestTrendingBestsellers" name="test_bestsellers_returns_flagged_only" time="0.042" /><testcase classname="backend.tests.test_iter4_features.TestTrendingBestsellers" name="test_disabled_category_excluded" time="0.249" /><testcase classname="backend.tests.test_iter4_features.TestProductFlags" name="test_patch_flags" time="0.258" /><testcase classname="backend.tests.test_iter4_features.TestProductFlags" name="test_patch_flags_forbidden_customer" time="0.101" /><testcase classname="backend.tests.test_iter4_features.TestProductFlags" name="test_set_watching_count" time="0.206" /><testcase classname="backend.tests.test_iter4_features.TestProductFlags" name="test_watching_negative_rejected" time="0.122" /><testcase classname="backend.tests.test_iter4_features.TestBulkImport" name="test_csv_import" time="0.044" /><testcase classname="backend.tests.test_iter4_features.TestBulkImport" name="test_csv_invalid_rows" time="0.086" /><testcase classname="backend.tests.test_iter4_features.TestBulkImport" name="test_csv_import_forbidden" time="0.044" /><testcase classname="backend.tests.test_iter4_features.TestSettings" name="test_threshold_persists" time="0.214" /><testcase classname="backend.tests.test_iter4_features.TestSettings" name="test_cod_disabled_blocks_checkout" time="0.437" /><testcase classname="backend.tests.test_iter4_features.TestVariantImages" name="test_classic_tee_has_color_images" time="0.040" /><testcase classname="backend.tests.test_iter4_features.TestVariantImages" name="test_create_with_variant_images" time="0.208" /><testcase classname="backend.tests.test_iter4_features.TestShipping" name="test_free_shipping_applied_above_threshold" time="0.646" /></testsuite></testsuites>