<?xml version="1.0" encoding="utf-8"?><testsuites name="pytest tests"><testsuite name="pytest" errors="0" failures="0" skipped="0" tests="19" time="5.640" timestamp="2026-06-23T07:07:04.726795+00:00" hostname="agent-env-9f51c3d2-dcea-454c-9de6-389719470801"><testcase classname="backend.tests.test_iter6_features.TestOTP" name="test_send_otp_sms" time="0.882" /><testcase classname="backend.tests.test_iter6_features.TestOTP" name="test_send_otp_email" time="0.099" /><testcase classname="backend.tests.test_iter6_features.TestOTP" name="test_verify_otp_success" time="0.205" /><testcase classname="backend.tests.test_iter6_features.TestOTP" name="test_verify_otp_wrong_code" time="0.189" /><testcase classname="backend.tests.test_iter6_features.TestGuestCheckout" name="test_guest_checkout_creates_order_and_user" time="0.522" /><testcase classname="backend.tests.test_iter6_features.TestGuestCheckout" name="test_guest_checkout_invalid_otp" time="0.189" /><testcase classname="backend.tests.test_iter6_features.TestCorporateKits" name="test_kits_endpoint" time="0.087" /><testcase classname="backend.tests.test_iter6_features.TestSampleCSV" name="test_sample_csv_download" time="0.099" /><testcase classname="backend.tests.test_iter6_features.TestAdminAlerts" name="test_get_alerts" time="0.430" /><testcase classname="backend.tests.test_iter6_features.TestAdminAlerts" name="test_alerts_require_admin" time="0.090" /><testcase classname="backend.tests.test_iter6_features.TestAutoBestseller" name="test_run_auto_bestseller" time="0.092" /><testcase classname="backend.tests.test_iter6_features.TestAutoBestseller" name="test_alert_created_for_low_stock_bestseller" time="0.188" /><testcase classname="backend.tests.test_iter6_features.TestBroadcast" name="test_broadcast_returns_counts" time="0.095" /><testcase classname="backend.tests.test_iter6_features.TestBroadcast" name="test_broadcast_requires_admin" time="0.097" /><testcase classname="backend.tests.test_iter6_features.TestNotificationsLog" name="test_log_returns_entries" time="0.094" /><testcase classname="backend.tests.test_iter6_features.TestNotificationsLog" name="test_guest_order_creates_log_entries" time="1.603" /><testcase classname="backend.tests.test_iter6_features.TestTemplates" name="test_settings_has_templates" time="0.090" /><testcase classname="backend.tests.test_iter6_features.TestTemplates" name="test_template_save_persists" time="0.398" /><testcase classname="backend.tests.test_iter6_features.TestBestsellers" name="test_bestsellers_exist" time="0.098" /></testsuite></testsuites>