<?xml version="1.0" encoding="utf-8"?><testsuites name="pytest tests"><testsuite name="pytest" errors="0" failures="1" skipped="0" tests="30" time="19.131" timestamp="2026-06-19T05:59:05.028728+00:00" hostname="agent-env-9f51c3d2-dcea-454c-9de6-389719470801"><testcase classname="backend.tests.test_merchcraft.TestHealth" name="test_root" time="0.204" /><testcase classname="backend.tests.test_merchcraft.TestHealth" name="test_categories" time="0.045" /><testcase classname="backend.tests.test_merchcraft.TestHealth" name="test_products_count" time="0.047" /><testcase classname="backend.tests.test_merchcraft.TestHealth" name="test_products_no_objectid" time="0.000" /><testcase classname="backend.tests.test_merchcraft.TestHealth" name="test_products_filter_category" time="0.043" /><testcase classname="backend.tests.test_merchcraft.TestHealth" name="test_products_search" time="0.050" /><testcase classname="backend.tests.test_merchcraft.TestHealth" name="test_products_sort_price_asc" time="0.048" /><testcase classname="backend.tests.test_merchcraft.TestHealth" name="test_product_detail" time="0.045" /><testcase classname="backend.tests.test_merchcraft.TestHealth" name="test_product_detail_404" time="0.044" /><testcase classname="backend.tests.test_merchcraft.TestAuth" name="test_login_admin" time="0.286" /><testcase classname="backend.tests.test_merchcraft.TestAuth" name="test_login_invalid" time="0.268" /><testcase classname="backend.tests.test_merchcraft.TestAuth" name="test_register_and_me" time="0.285"><failure message="assert 500 == 200&#10; +  where 500 = &lt;Response [500]&gt;.status_code">backend/tests/test_merchcraft.py:111: in test_register_and_me
    assert r.status_code == 200
E   assert 500 == 200
E    +  where 500 = &lt;Response [500]&gt;.status_code</failure></testcase><testcase classname="backend.tests.test_merchcraft.TestAuth" name="test_register_duplicate" time="0.049" /><testcase classname="backend.tests.test_merchcraft.TestAuth" name="test_me_no_auth" time="0.045" /><testcase classname="backend.tests.test_merchcraft.TestCartCheckout" name="test_cart_add_get_remove" time="0.473" /><testcase classname="backend.tests.test_merchcraft.TestCartCheckout" name="test_checkout_cod" time="0.220" /><testcase classname="backend.tests.test_merchcraft.TestCartCheckout" name="test_checkout_razorpay_mock" time="0.173" /><testcase classname="backend.tests.test_merchcraft.TestCartCheckout" name="test_checkout_empty_cart" time="0.093" /><testcase classname="backend.tests.test_merchcraft.TestReviews" name="test_list_reviews" time="0.049" /><testcase classname="backend.tests.test_merchcraft.TestRFQ" name="test_submit_rfq" time="0.074" /><testcase classname="backend.tests.test_merchcraft.TestRFQ" name="test_list_rfqs_admin_only" time="0.312" /><testcase classname="backend.tests.test_merchcraft.TestRFQ" name="test_list_rfqs_unauth" time="0.044" /><testcase classname="backend.tests.test_merchcraft.TestAdmin" name="test_get_settings_public" time="0.083" /><testcase classname="backend.tests.test_merchcraft.TestAdmin" name="test_update_settings_admin" time="0.044" /><testcase classname="backend.tests.test_merchcraft.TestAdmin" name="test_update_settings_forbidden" time="0.043" /><testcase classname="backend.tests.test_merchcraft.TestAdmin" name="test_admin_overview" time="0.047" /><testcase classname="backend.tests.test_merchcraft.TestAdmin" name="test_admin_orders_list" time="0.045" /><testcase classname="backend.tests.test_merchcraft.TestAdmin" name="test_admin_update_order_status" time="0.178" /><testcase classname="backend.tests.test_merchcraft.TestAI" name="test_enhance_prompt" time="4.003" /><testcase classname="backend.tests.test_merchcraft.TestAI" name="test_generate_image" time="11.608" /></testsuite></testsuites>